<?xml version="1.0" encoding="UTF-8"?>
<!-- Generated by org.testng.reporters.JUnitReportReporter -->
<testsuite hostname="DESKTOP-9GL0P3P" failures="0" tests="1" name="testCases.VerifyLogin" time="7.874" errors="0" timestamp="2023-08-21T15:15:32 IST" skipped="0">
  <testcase classname="testCases.VerifyLogin" name="login" time="7.874"/>
  <system-out/>
</testsuite> <!-- testCases.VerifyLogin -->
